  1.1.1函数模板.cpp
F:\OneDrive\文档\4、C++学习\GitHub_C++\learn-C-\C++第三阶段\1.1.1函数模板.cpp(44,9): warning C4101: “j”: 未引用的局部变量
F:\OneDrive\文档\4、C++学习\GitHub_C++\learn-C-\C++第三阶段\1.1.1函数模板.cpp(87): message : 查看对正在编译的函数 模板 实例化“void arrsork<int>(T [],int &)”的引用
          with
          [
              T=int
          ]
F:\OneDrive\文档\4、C++学习\GitHub_C++\learn-C-\C++第三阶段\1.1.1函数模板.cpp(44,6): warning C4101: “i”: 未引用的局部变量
  1.1.2普通函数与函数模板的调用规则.cpp
  1.1.3模板的局限性.cpp
  1.2.1类模板.cpp
  1.2.2类模板和函数模板的区别.cpp
  1.2.3类模板中成员函数创建时机.cpp
  1.2.4类模板对象做函数参数.cpp
  1.2.5类模板与继承.cpp
  1.2.6类模板成员函数类外实现.cpp
  1.2.7类模板与友元.cpp
  1.2.8类模板案例.cpp
  2.1vector存放内置数据类型.cpp
  2.2vector存放自定义数据类型.cpp
  3.1.1string基本概念和赋值.cpp
  3.1.2string拼接.cpp
  3.1.3string查找和替换.cpp
  3.1.4string字符串比较.cpp
  3.1.5string存取.cpp
F:\OneDrive\文档\4、C++学习\GitHub_C++\learn-C-\C++第三阶段\3.1.5string存取.cpp(7,20): warning C4018: “<”: 有符号/无符号不匹配
F:\OneDrive\文档\4、C++学习\GitHub_C++\learn-C-\C++第三阶段\3.1.5string存取.cpp(12,20): warning C4018: “<”: 有符号/无符号不匹配
  3.1.6string插入和删除.cpp
  3.1.7string子串.cpp
  正在生成代码...
  正在编译...
  3.2.1vector构造函数.cpp
  3.2.2vector插入和删除.cpp
F:\OneDrive\文档\4、C++学习\GitHub_C++\learn-C-\C++第三阶段\3.2.2vector插入和删除.cpp(74,20): warning C4018: “<”: 有符号/无符号不匹配
F:\OneDrive\文档\4、C++学习\GitHub_C++\learn-C-\C++第三阶段\3.2.2vector插入和删除.cpp(79,20): warning C4018: “<”: 有符号/无符号不匹配
  3.3.1deque容器使用.cpp
F:\OneDrive\文档\4、C++学习\GitHub_C++\learn-C-\C++第三阶段\3.3.1deque容器使用.cpp(130,20): warning C4018: “<”: 有符号/无符号不匹配
F:\OneDrive\文档\4、C++学习\GitHub_C++\learn-C-\C++第三阶段\3.3.1deque容器使用.cpp(135,20): warning C4018: “<”: 有符号/无符号不匹配
  3.4.1评为打分.cpp
  3.5.1stack和queue.cpp
  3.6.1list.cpp
  3.7.1set容器.cpp
  3.8.1map和multimap容器.cpp
  4.1.1函数对象.cpp
  4.2.1谓词.cpp
  4.3.1内建函数对象.cpp
  5.1常用算法.cpp
  main.cpp
  正在生成代码...
  C++第三阶段.vcxproj -> F:\OneDrive\文档\4、C++学习\GitHub_C++\learn-C-\C++第三阶段\Debug\C++第三阶段.exe
